<?xml version="1.0" encoding="UTF-8"?>
<!-- Generated by org.testng.reporters.JUnitXMLReporter -->
<testsuite ignored="0" hostname="Heamanths-MacBook-Pro.local" failures="2" tests="32" name="Shoe store" time="80.27" errors="0" timestamp="2022-08-08T18:58:14 GMT-04:00">
  <testcase classname="app.test.main.TestingFieldEmail" name="TS1_Email_TC1_Emptyfield" time="0.529"/>
  <testcase classname="app.test.main.TestingFieldEmail" name="TS1_Email_TC2_PositiveDataInField" time="0.772"/>
  <testcase classname="app.test.main.TestingFieldEmail" name="TS1_Email_TC2_PositiveDataInField" time="0.602"/>
  <testcase classname="app.test.main.TestingFieldEmail" name="TS1_Email_TC2_PositiveDataInField" time="0.589"/>
  <testcase classname="app.test.main.TestingFieldEmail" name="TS1_Email_TC2_PositiveDataInField" time="0.57"/>
  <testcase classname="app.test.main.TestingFieldEmail" name="TS1_Email_TC2_PositiveDataInField" time="0.554"/>
  <testcase classname="app.test.main.TestingFieldEmail" name="TS1_Email_TC3_NegativeDataInField" time="0.745"/>
  <testcase classname="app.test.main.TestingFieldEmail" name="TS1_Email_TC3_NegativeDataInField" time="0.592"/>
  <testcase classname="app.test.main.TestingFieldEmail" name="TS1_Email_TC3_NegativeDataInField" time="10.613">
    <failure type="org.openqa.selenium.NoSuchElementException" message="no such element: Unable to locate element: {&amp;quot;method&amp;quot;:&amp;quot;xpath&amp;quot;,&amp;quot;selector&amp;quot;:&amp;quot;//div[@class=&amp;apos;flash alert_danger&amp;apos;]&amp;quot;}
  (Session info: chrome=103.0.5060.134)
For documentation on this error, please visit: https://selenium.dev/exceptions/#no_such_element
Build info: version: &amp;apos;4.1.2&amp;apos;, revision: &amp;apos;9a5a329c5a&amp;apos;
System info: host: &amp;apos;Heamanths-MacBook-Pro.local&amp;apos;, ip: &amp;apos;2601:cb:4002:f600:0:0:0:8c86%en0&amp;apos;, os.name: &amp;apos;Mac OS X&amp;apos;, os.arch: &amp;apos;x86_64&amp;apos;, os.version: &amp;apos;10.16&amp;apos;, java.version: &amp;apos;15.0.2&amp;apos;
Driver info: org.openqa.selenium.chrome.ChromeDriver
Command: [ae1cf77cba7d31be43f4eb385a87eefa, findElement {using=xpath, value=//div[@class=&amp;apos;flash alert_danger&amp;apos;]}]
Capabilities {acceptInsecureCerts: false, browserName: chrome, browserVersion: 103.0.5060.134, chrome: {chromedriverVersion: 103.0.5060.53 (a1711811edd7..., userDataDir: /var/folders/pw/4093ysp9371...}, goog:chromeOptions: {debuggerAddress: localhost:58277}, javascriptEnabled: true, networkConnectionEnabled: false, pageLoadStrategy: normal, platform: MAC, platformName: MAC, proxy: Proxy(), se:cdp: ws://localhost:58277/devtoo..., se:cdpVersion: 103.0.5060.134, setWindowRect: true, strictFileInteractability: false, timeouts: {implicit: 0, pageLoad: 300000, script: 30000}, unhandledPromptBehavior: dismiss and notify, webauthn:extension:credBlob: true, webauthn:extension:largeBlob: true, webauthn:virtualAuthenticators: true}
Session ID: ae1cf77cba7d31be43f4eb385a87eefa">
      <![CDATA[org.openqa.selenium.NoSuchElementException: no such element: Unable to locate element: {"method":"xpath","selector":"//div[@class='flash alert_danger']"}
  (Session info: chrome=103.0.5060.134)
For documentation on this error, please visit: https://selenium.dev/exceptions/#no_such_element
Build info: version: '4.1.2', revision: '9a5a329c5a'
System info: host: 'Heamanths-MacBook-Pro.local', ip: '2601:cb:4002:f600:0:0:0:8c86%en0', os.name: 'Mac OS X', os.arch: 'x86_64', os.version: '10.16', java.version: '15.0.2'
Driver info: org.openqa.selenium.chrome.ChromeDriver
Command: [ae1cf77cba7d31be43f4eb385a87eefa, findElement {using=xpath, value=//div[@class='flash alert_danger']}]
Capabilities {acceptInsecureCerts: false, browserName: chrome, browserVersion: 103.0.5060.134, chrome: {chromedriverVersion: 103.0.5060.53 (a1711811edd7..., userDataDir: /var/folders/pw/4093ysp9371...}, goog:chromeOptions: {debuggerAddress: localhost:58277}, javascriptEnabled: true, networkConnectionEnabled: false, pageLoadStrategy: normal, platform: MAC, platformName: MAC, proxy: Proxy(), se:cdp: ws://localhost:58277/devtoo..., se:cdpVersion: 103.0.5060.134, setWindowRect: true, strictFileInteractability: false, timeouts: {implicit: 0, pageLoad: 300000, script: 30000}, unhandledPromptBehavior: dismiss and notify, webauthn:extension:credBlob: true, webauthn:extension:largeBlob: true, webauthn:virtualAuthenticators: true}
Session ID: ae1cf77cba7d31be43f4eb385a87eefa
at org.openqa.selenium.remote.codec.w3c.W3CHttpResponseCodec.createException(W3CHttpResponseCodec.java:200)
at org.openqa.selenium.remote.codec.w3c.W3CHttpResponseCodec.decode(W3CHttpResponseCodec.java:133)
at org.openqa.selenium.remote.codec.w3c.W3CHttpResponseCodec.decode(W3CHttpResponseCodec.java:53)
at org.openqa.selenium.remote.HttpCommandExecutor.execute(HttpCommandExecutor.java:184)
at org.openqa.selenium.remote.service.DriverCommandExecutor.invokeExecute(DriverCommandExecutor.java:167)
at org.openqa.selenium.remote.service.DriverCommandExecutor.execute(DriverCommandExecutor.java:142)
at org.openqa.selenium.remote.RemoteWebDriver.execute(RemoteWebDriver.java:558)
at org.openqa.selenium.remote.ElementLocation$ElementFinder$2.findElement(ElementLocation.java:162)
at org.openqa.selenium.remote.ElementLocation.findElement(ElementLocation.java:60)
at org.openqa.selenium.remote.RemoteWebDriver.findElement(RemoteWebDriver.java:382)
at org.openqa.selenium.remote.RemoteWebDriver.findElement(RemoteWebDriver.java:374)
at app.test.main.TestingFieldEmail.TS1_Email_TC3_NegativeDataInField(TestingFieldEmail.java:84)
at java.base/java.util.ArrayList.forEach(ArrayList.java:1511)
... Removed 32 stack frames]]>
    </failure>
  </testcase> <!-- TS1_Email_TC3_NegativeDataInField -->
  <testcase classname="app.test.main.TestingFieldEmail" name="TS1_Email_TC3_NegativeDataInField" time="10.604">
    <failure type="org.openqa.selenium.NoSuchElementException" message="no such element: Unable to locate element: {&amp;quot;method&amp;quot;:&amp;quot;xpath&amp;quot;,&amp;quot;selector&amp;quot;:&amp;quot;//div[@class=&amp;apos;flash alert_danger&amp;apos;]&amp;quot;}
  (Session info: chrome=103.0.5060.134)
For documentation on this error, please visit: https://selenium.dev/exceptions/#no_such_element
Build info: version: &amp;apos;4.1.2&amp;apos;, revision: &amp;apos;9a5a329c5a&amp;apos;
System info: host: &amp;apos;Heamanths-MacBook-Pro.local&amp;apos;, ip: &amp;apos;2601:cb:4002:f600:0:0:0:8c86%en0&amp;apos;, os.name: &amp;apos;Mac OS X&amp;apos;, os.arch: &amp;apos;x86_64&amp;apos;, os.version: &amp;apos;10.16&amp;apos;, java.version: &amp;apos;15.0.2&amp;apos;
Driver info: org.openqa.selenium.chrome.ChromeDriver
Command: [ae1cf77cba7d31be43f4eb385a87eefa, findElement {using=xpath, value=//div[@class=&amp;apos;flash alert_danger&amp;apos;]}]
Capabilities {acceptInsecureCerts: false, browserName: chrome, browserVersion: 103.0.5060.134, chrome: {chromedriverVersion: 103.0.5060.53 (a1711811edd7..., userDataDir: /var/folders/pw/4093ysp9371...}, goog:chromeOptions: {debuggerAddress: localhost:58277}, javascriptEnabled: true, networkConnectionEnabled: false, pageLoadStrategy: normal, platform: MAC, platformName: MAC, proxy: Proxy(), se:cdp: ws://localhost:58277/devtoo..., se:cdpVersion: 103.0.5060.134, setWindowRect: true, strictFileInteractability: false, timeouts: {implicit: 0, pageLoad: 300000, script: 30000}, unhandledPromptBehavior: dismiss and notify, webauthn:extension:credBlob: true, webauthn:extension:largeBlob: true, webauthn:virtualAuthenticators: true}
Session ID: ae1cf77cba7d31be43f4eb385a87eefa">
      <![CDATA[org.openqa.selenium.NoSuchElementException: no such element: Unable to locate element: {"method":"xpath","selector":"//div[@class='flash alert_danger']"}
  (Session info: chrome=103.0.5060.134)
For documentation on this error, please visit: https://selenium.dev/exceptions/#no_such_element
Build info: version: '4.1.2', revision: '9a5a329c5a'
System info: host: 'Heamanths-MacBook-Pro.local', ip: '2601:cb:4002:f600:0:0:0:8c86%en0', os.name: 'Mac OS X', os.arch: 'x86_64', os.version: '10.16', java.version: '15.0.2'
Driver info: org.openqa.selenium.chrome.ChromeDriver
Command: [ae1cf77cba7d31be43f4eb385a87eefa, findElement {using=xpath, value=//div[@class='flash alert_danger']}]
Capabilities {acceptInsecureCerts: false, browserName: chrome, browserVersion: 103.0.5060.134, chrome: {chromedriverVersion: 103.0.5060.53 (a1711811edd7..., userDataDir: /var/folders/pw/4093ysp9371...}, goog:chromeOptions: {debuggerAddress: localhost:58277}, javascriptEnabled: true, networkConnectionEnabled: false, pageLoadStrategy: normal, platform: MAC, platformName: MAC, proxy: Proxy(), se:cdp: ws://localhost:58277/devtoo..., se:cdpVersion: 103.0.5060.134, setWindowRect: true, strictFileInteractability: false, timeouts: {implicit: 0, pageLoad: 300000, script: 30000}, unhandledPromptBehavior: dismiss and notify, webauthn:extension:credBlob: true, webauthn:extension:largeBlob: true, webauthn:virtualAuthenticators: true}
Session ID: ae1cf77cba7d31be43f4eb385a87eefa
at org.openqa.selenium.remote.codec.w3c.W3CHttpResponseCodec.createException(W3CHttpResponseCodec.java:200)
at org.openqa.selenium.remote.codec.w3c.W3CHttpResponseCodec.decode(W3CHttpResponseCodec.java:133)
at org.openqa.selenium.remote.codec.w3c.W3CHttpResponseCodec.decode(W3CHttpResponseCodec.java:53)
at org.openqa.selenium.remote.HttpCommandExecutor.execute(HttpCommandExecutor.java:184)
at org.openqa.selenium.remote.service.DriverCommandExecutor.invokeExecute(DriverCommandExecutor.java:167)
at org.openqa.selenium.remote.service.DriverCommandExecutor.execute(DriverCommandExecutor.java:142)
at org.openqa.selenium.remote.RemoteWebDriver.execute(RemoteWebDriver.java:558)
at org.openqa.selenium.remote.ElementLocation$ElementFinder$2.findElement(ElementLocation.java:162)
at org.openqa.selenium.remote.ElementLocation.findElement(ElementLocation.java:60)
at org.openqa.selenium.remote.RemoteWebDriver.findElement(RemoteWebDriver.java:382)
at org.openqa.selenium.remote.RemoteWebDriver.findElement(RemoteWebDriver.java:374)
at app.test.main.TestingFieldEmail.TS1_Email_TC3_NegativeDataInField(TestingFieldEmail.java:84)
at java.base/java.util.ArrayList.forEach(ArrayList.java:1511)
... Removed 32 stack frames]]>
    </failure>
  </testcase> <!-- TS1_Email_TC3_NegativeDataInField -->
  <testcase classname="app.test.main.TestingFieldEmail" name="TS1_Email_TC3_NegativeDataInField" time="0.602"/>
  <testcase classname="app.test.main.TestingFieldPromoCode" name="TS2_PromCode_TC1_Emptyfield" time="0.512"/>
  <testcase classname="app.test.main.TestingFieldPromoCode" name="TS2_PromCode_TC3_NegativeDataInField" time="0.562"/>
  <testcase classname="app.test.main.TestingSearchBybrand" name="TS3_ChooseBrand_TC1_Emptyfield" time="0.473"/>
  <testcase classname="app.test.main.TestingSearchBybrand" name="TS3_ChooseBrand_TC2_SearchByBrandNolist" time="10.885"/>
  <testcase classname="app.test.main.TestingSearchBybrand" name="TS3_ChooseBrand_TC2_SearchByBrandNolist" time="10.878"/>
  <testcase classname="app.test.main.TestingSearchBybrand" name="TS3_ChooseBrand_TC3_SearchByBrandWithlist" time="1.071"/>
  <testcase classname="app.test.main.TestingSearchBybrand" name="TS3_ChooseBrand_TC3_SearchByBrandWithlist" time="0.903"/>
  <testcase classname="app.test.main.TestingSearchBybrand" name="TS3_ChooseBrand_TC4_DropDownDataValidation" time="7.16"/>
  <testcase classname="app.test.main.TestingSearchBybrand" name="TS3_ChooseBrand_TC5_DropDownValueKeyboardAccesible" time="0.825"/>
  <testcase classname="app.test.main.TestingMonthFilter" name="TS4_MonthFilter_TC1_SelectingMonth" time="0.77"/>
  <testcase classname="app.test.main.TestingMonthFilter" name="TS4_MonthFilter_TC1_SelectingMonth" time="0.642"/>
  <testcase classname="app.test.main.TestingMonthFilter" name="TS4_MonthFilter_TC1_SelectingMonth" time="0.611"/>
  <testcase classname="app.test.main.TestingMonthFilter" name="TS4_MonthFilter_TC1_SelectingMonth" time="0.69"/>
  <testcase classname="app.test.main.TestingMonthFilter" name="TS4_MonthFilter_TC1_SelectingMonth" time="0.662"/>
  <testcase classname="app.test.main.TestingMonthFilter" name="TS4_MonthFilter_TC1_SelectingMonth" time="0.675"/>
  <testcase classname="app.test.main.TestingMonthFilter" name="TS4_MonthFilter_TC1_SelectingMonth" time="0.747"/>
  <testcase classname="app.test.main.TestingMonthFilter" name="TS4_MonthFilter_TC1_SelectingMonth" time="0.584"/>
  <testcase classname="app.test.main.TestingMonthFilter" name="TS4_MonthFilter_TC1_SelectingMonth" time="0.588"/>
  <testcase classname="app.test.main.TestingMonthFilter" name="TS4_MonthFilter_TC1_SelectingMonth" time="0.642"/>
  <testcase classname="app.test.main.TestingMonthFilter" name="TS4_MonthFilter_TC1_SelectingMonth" time="0.609"/>
  <testcase classname="app.test.main.TestingMonthFilter" name="TS4_MonthFilter_TC2_SelectingAllShoesOption" time="1.421"/>
</testsuite> <!-- Shoe store -->
