<html>
<head>
<title>TestNG:  Shoe store</title>
<link href="../testng.css" rel="stylesheet" type="text/css" />
<link href="../my-testng.css" rel="stylesheet" type="text/css" />

<style type="text/css">
.log { display: none;} 
.stack-trace { display: none;} 
</style>
<script type="text/javascript">
<!--
function flip(e) {
  current = e.style.display;
  if (current == 'block') {
    e.style.display = 'none';
    return 0;
  }
  else {
    e.style.display = 'block';
    return 1;
  }
}

function toggleBox(szDivId, elem, msg1, msg2)
{
  var res = -1;  if (document.getElementById) {
    res = flip(document.getElementById(szDivId));
  }
  else if (document.all) {
    // this is the way old msie versions work
    res = flip(document.all[szDivId]);
  }
  if(elem) {
    if(res == 0) elem.innerHTML = msg1; else elem.innerHTML = msg2;
  }

}

function toggleAllBoxes() {
  if (document.getElementsByTagName) {
    d = document.getElementsByTagName('div');
    for (i = 0; i < d.length; i++) {
      if (d[i].className == 'log') {
        flip(d[i]);
      }
    }
  }
}

// -->
</script>

</head>
<body>
<h2 align='center'>Shoe store</h2><table border='1' align="center">
<tr>
<td>Tests passed/Failed/Skipped:</td><td>30/2/0</td>
</tr><tr>
<td>Started on:</td><td>Mon Aug 08 18:56:53 EDT 2022</td>
</tr>
<tr><td>Total time:</td><td>80 seconds (80270 ms)</td>
</tr><tr>
<td>Included groups:</td><td></td>
</tr><tr>
<td>Excluded groups:</td><td></td>
</tr>
</table><p/>
<small><i>(Hover the method name to see the test class name)</i></small><p/>
<table width='100%' border='1' class='invocation-failed'>
<tr><td colspan='4' align='center'><b>FAILED TESTS</b></td></tr>
<tr><td><b>Test method</b></td>
<td width="30%"><b>Exception</b></td>
<td width="10%"><b>Time (seconds)</b></td>
<td><b>Instance</b></td>
</tr>
<tr>
<td title='app.test.main.TestingFieldEmail.TS1_Email_TC3_NegativeDataInField()'><b>TS1_Email_TC3_NegativeDataInField</b><br>Test class: app.test.main.TestingFieldEmail<br>Parameters: .email@emaildom.com</td>
<td><div><pre>org.openqa.selenium.NoSuchElementException: no such element: Unable to locate element: {&quot;method&quot;:&quot;xpath&quot;,&quot;selector&quot;:&quot;//div[@class=&apos;flash alert_danger&apos;]&quot;}
  (Session info: chrome=103.0.5060.134)
For documentation on this error, please visit: https://selenium.dev/exceptions/#no_such_element
Build info: version: &apos;4.1.2&apos;, revision: &apos;9a5a329c5a&apos;
System info: host: &apos;Heamanths-MacBook-Pro.local&apos;, ip: &apos;2601:cb:4002:f600:0:0:0:8c86%en0&apos;, os.name: &apos;Mac OS X&apos;, os.arch: &apos;x86_64&apos;, os.version: &apos;10.16&apos;, java.version: &apos;15.0.2&apos;
Driver info: org.openqa.selenium.chrome.ChromeDriver
Command: [ae1cf77cba7d31be43f4eb385a87eefa, findElement {using=xpath, value=//div[@class=&apos;flash alert_danger&apos;]}]
Capabilities {acceptInsecureCerts: false, browserName: chrome, browserVersion: 103.0.5060.134, chrome: {chromedriverVersion: 103.0.5060.53 (a1711811edd7..., userDataDir: /var/folders/pw/4093ysp9371...}, goog:chromeOptions: {debuggerAddress: localhost:58277}, javascriptEnabled: true, networkConnectionEnabled: false, pageLoadStrategy: normal, platform: MAC, platformName: MAC, proxy: Proxy(), se:cdp: ws://localhost:58277/devtoo..., se:cdpVersion: 103.0.5060.134, setWindowRect: true, strictFileInteractability: false, timeouts: {implicit: 0, pageLoad: 300000, script: 30000}, unhandledPromptBehavior: dismiss and notify, webauthn:extension:credBlob: true, webauthn:extension:largeBlob: true, webauthn:virtualAuthenticators: true}
Session ID: ae1cf77cba7d31be43f4eb385a87eefa
	at org.openqa.selenium.remote.codec.w3c.W3CHttpResponseCodec.createException(W3CHttpResponseCodec.java:200)
	at org.openqa.selenium.remote.codec.w3c.W3CHttpResponseCodec.decode(W3CHttpResponseCodec.java:133)
	at org.openqa.selenium.remote.codec.w3c.W3CHttpResponseCodec.decode(W3CHttpResponseCodec.java:53)
	at org.openqa.selenium.remote.HttpCommandExecutor.execute(HttpCommandExecutor.java:184)
	at org.openqa.selenium.remote.service.DriverCommandExecutor.invokeExecute(DriverCommandExecutor.java:167)
	at org.openqa.selenium.remote.service.DriverCommandExecutor.execute(DriverCommandExecutor.java:142)
	at org.openqa.selenium.remote.RemoteWebDriver.execute(RemoteWebDriver.java:558)
	at org.openqa.selenium.remote.ElementLocation$ElementFinder$2.findElement(ElementLocation.java:162)
	at org.openqa.selenium.remote.ElementLocation.findElement(ElementLocation.java:60)
	at org.openqa.selenium.remote.RemoteWebDriver.findElement(RemoteWebDriver.java:382)
	at org.openqa.selenium.remote.RemoteWebDriver.findElement(RemoteWebDriver.java:374)
	at app.test.main.TestingFieldEmail.TS1_Email_TC3_NegativeDataInField(TestingFieldEmail.java:84)
	at java.base/java.util.ArrayList.forEach(ArrayList.java:1511)
... Removed 32 stack frames</pre></div><a href='#' onClick='toggleBox("stack-trace691404076", this, "Click to show all stack frames", "Click to hide stack frames")'>Click to show all stack frames</a>
<div class='stack-trace' id='stack-trace691404076'><pre>org.openqa.selenium.NoSuchElementException: no such element: Unable to locate element: {&quot;method&quot;:&quot;xpath&quot;,&quot;selector&quot;:&quot;//div[@class=&apos;flash alert_danger&apos;]&quot;}
  (Session info: chrome=103.0.5060.134)
For documentation on this error, please visit: https://selenium.dev/exceptions/#no_such_element
Build info: version: &apos;4.1.2&apos;, revision: &apos;9a5a329c5a&apos;
System info: host: &apos;Heamanths-MacBook-Pro.local&apos;, ip: &apos;2601:cb:4002:f600:0:0:0:8c86%en0&apos;, os.name: &apos;Mac OS X&apos;, os.arch: &apos;x86_64&apos;, os.version: &apos;10.16&apos;, java.version: &apos;15.0.2&apos;
Driver info: org.openqa.selenium.chrome.ChromeDriver
Command: [ae1cf77cba7d31be43f4eb385a87eefa, findElement {using=xpath, value=//div[@class=&apos;flash alert_danger&apos;]}]
Capabilities {acceptInsecureCerts: false, browserName: chrome, browserVersion: 103.0.5060.134, chrome: {chromedriverVersion: 103.0.5060.53 (a1711811edd7..., userDataDir: /var/folders/pw/4093ysp9371...}, goog:chromeOptions: {debuggerAddress: localhost:58277}, javascriptEnabled: true, networkConnectionEnabled: false, pageLoadStrategy: normal, platform: MAC, platformName: MAC, proxy: Proxy(), se:cdp: ws://localhost:58277/devtoo..., se:cdpVersion: 103.0.5060.134, setWindowRect: true, strictFileInteractability: false, timeouts: {implicit: 0, pageLoad: 300000, script: 30000}, unhandledPromptBehavior: dismiss and notify, webauthn:extension:credBlob: true, webauthn:extension:largeBlob: true, webauthn:virtualAuthenticators: true}
Session ID: ae1cf77cba7d31be43f4eb385a87eefa
	at java.base/jdk.internal.reflect.NativeConstructorAccessorImpl.newInstance0(Native Method)
	at java.base/jdk.internal.reflect.NativeConstructorAccessorImpl.newInstance(NativeConstructorAccessorImpl.java:64)
	at java.base/jdk.internal.reflect.DelegatingConstructorAccessorImpl.newInstance(DelegatingConstructorAccessorImpl.java:45)
	at java.base/java.lang.reflect.Constructor.newInstanceWithCaller(Constructor.java:500)
	at java.base/java.lang.reflect.Constructor.newInstance(Constructor.java:481)
	at org.openqa.selenium.remote.codec.w3c.W3CHttpResponseCodec.createException(W3CHttpResponseCodec.java:200)
	at org.openqa.selenium.remote.codec.w3c.W3CHttpResponseCodec.decode(W3CHttpResponseCodec.java:133)
	at org.openqa.selenium.remote.codec.w3c.W3CHttpResponseCodec.decode(W3CHttpResponseCodec.java:53)
	at org.openqa.selenium.remote.HttpCommandExecutor.execute(HttpCommandExecutor.java:184)
	at org.openqa.selenium.remote.service.DriverCommandExecutor.invokeExecute(DriverCommandExecutor.java:167)
	at org.openqa.selenium.remote.service.DriverCommandExecutor.execute(DriverCommandExecutor.java:142)
	at org.openqa.selenium.remote.RemoteWebDriver.execute(RemoteWebDriver.java:558)
	at org.openqa.selenium.remote.ElementLocation$ElementFinder$2.findElement(ElementLocation.java:162)
	at org.openqa.selenium.remote.ElementLocation.findElement(ElementLocation.java:60)
	at org.openqa.selenium.remote.RemoteWebDriver.findElement(RemoteWebDriver.java:382)
	at org.openqa.selenium.remote.RemoteWebDriver.findElement(RemoteWebDriver.java:374)
	at app.test.main.TestingFieldEmail.TS1_Email_TC3_NegativeDataInField(TestingFieldEmail.java:84)
	at java.base/jdk.internal.reflect.NativeMethodAccessorImpl.invoke0(Native Method)
	at java.base/jdk.internal.reflect.NativeMethodAccessorImpl.invoke(NativeMethodAccessorImpl.java:64)
	at java.base/jdk.internal.reflect.DelegatingMethodAccessorImpl.invoke(DelegatingMethodAccessorImpl.java:43)
	at java.base/java.lang.reflect.Method.invoke(Method.java:564)
	at org.testng.internal.MethodInvocationHelper.invokeMethod(MethodInvocationHelper.java:133)
	at org.testng.internal.TestInvoker.invokeMethod(TestInvoker.java:598)
	at org.testng.internal.TestInvoker.invokeTestMethod(TestInvoker.java:173)
	at org.testng.internal.MethodRunner.runInSequence(MethodRunner.java:46)
	at org.testng.internal.TestInvoker$MethodInvocationAgent.invoke(TestInvoker.java:824)
	at org.testng.internal.TestInvoker.invokeTestMethods(TestInvoker.java:146)
	at org.testng.internal.TestMethodWorker.invokeTestMethods(TestMethodWorker.java:146)
	at org.testng.internal.TestMethodWorker.run(TestMethodWorker.java:128)
	at java.base/java.util.ArrayList.forEach(ArrayList.java:1511)
	at org.testng.TestRunner.privateRun(TestRunner.java:794)
	at org.testng.TestRunner.run(TestRunner.java:596)
	at org.testng.SuiteRunner.runTest(SuiteRunner.java:377)
	at org.testng.SuiteRunner.runSequentially(SuiteRunner.java:371)
	at org.testng.SuiteRunner.privateRun(SuiteRunner.java:332)
	at org.testng.SuiteRunner.run(SuiteRunner.java:276)
	at org.testng.SuiteRunnerWorker.runSuite(SuiteRunnerWorker.java:53)
	at org.testng.SuiteRunnerWorker.run(SuiteRunnerWorker.java:96)
	at org.testng.TestNG.runSuitesSequentially(TestNG.java:1212)
	at org.testng.TestNG.runSuitesLocally(TestNG.java:1134)
	at org.testng.TestNG.runSuites(TestNG.java:1063)
	at org.testng.TestNG.run(TestNG.java:1031)
	at org.testng.remote.AbstractRemoteTestNG.run(AbstractRemoteTestNG.java:115)
	at org.testng.remote.RemoteTestNG.initAndRun(RemoteTestNG.java:251)
	at org.testng.remote.RemoteTestNG.main(RemoteTestNG.java:77)
</pre></div></td>
<td>10</td>
<td>app.test.main.TestingFieldEmail@437da279</td></tr>
<tr>
<td title='app.test.main.TestingFieldEmail.TS1_Email_TC3_NegativeDataInField()'><b>TS1_Email_TC3_NegativeDataInField</b><br>Test class: app.test.main.TestingFieldEmail<br>Parameters: test@email@email.com</td>
<td><div><pre>org.openqa.selenium.NoSuchElementException: no such element: Unable to locate element: {&quot;method&quot;:&quot;xpath&quot;,&quot;selector&quot;:&quot;//div[@class=&apos;flash alert_danger&apos;]&quot;}
  (Session info: chrome=103.0.5060.134)
For documentation on this error, please visit: https://selenium.dev/exceptions/#no_such_element
Build info: version: &apos;4.1.2&apos;, revision: &apos;9a5a329c5a&apos;
System info: host: &apos;Heamanths-MacBook-Pro.local&apos;, ip: &apos;2601:cb:4002:f600:0:0:0:8c86%en0&apos;, os.name: &apos;Mac OS X&apos;, os.arch: &apos;x86_64&apos;, os.version: &apos;10.16&apos;, java.version: &apos;15.0.2&apos;
Driver info: org.openqa.selenium.chrome.ChromeDriver
Command: [ae1cf77cba7d31be43f4eb385a87eefa, findElement {using=xpath, value=//div[@class=&apos;flash alert_danger&apos;]}]
Capabilities {acceptInsecureCerts: false, browserName: chrome, browserVersion: 103.0.5060.134, chrome: {chromedriverVersion: 103.0.5060.53 (a1711811edd7..., userDataDir: /var/folders/pw/4093ysp9371...}, goog:chromeOptions: {debuggerAddress: localhost:58277}, javascriptEnabled: true, networkConnectionEnabled: false, pageLoadStrategy: normal, platform: MAC, platformName: MAC, proxy: Proxy(), se:cdp: ws://localhost:58277/devtoo..., se:cdpVersion: 103.0.5060.134, setWindowRect: true, strictFileInteractability: false, timeouts: {implicit: 0, pageLoad: 300000, script: 30000}, unhandledPromptBehavior: dismiss and notify, webauthn:extension:credBlob: true, webauthn:extension:largeBlob: true, webauthn:virtualAuthenticators: true}
Session ID: ae1cf77cba7d31be43f4eb385a87eefa
	at org.openqa.selenium.remote.codec.w3c.W3CHttpResponseCodec.createException(W3CHttpResponseCodec.java:200)
	at org.openqa.selenium.remote.codec.w3c.W3CHttpResponseCodec.decode(W3CHttpResponseCodec.java:133)
	at org.openqa.selenium.remote.codec.w3c.W3CHttpResponseCodec.decode(W3CHttpResponseCodec.java:53)
	at org.openqa.selenium.remote.HttpCommandExecutor.execute(HttpCommandExecutor.java:184)
	at org.openqa.selenium.remote.service.DriverCommandExecutor.invokeExecute(DriverCommandExecutor.java:167)
	at org.openqa.selenium.remote.service.DriverCommandExecutor.execute(DriverCommandExecutor.java:142)
	at org.openqa.selenium.remote.RemoteWebDriver.execute(RemoteWebDriver.java:558)
	at org.openqa.selenium.remote.ElementLocation$ElementFinder$2.findElement(ElementLocation.java:162)
	at org.openqa.selenium.remote.ElementLocation.findElement(ElementLocation.java:60)
	at org.openqa.selenium.remote.RemoteWebDriver.findElement(RemoteWebDriver.java:382)
	at org.openqa.selenium.remote.RemoteWebDriver.findElement(RemoteWebDriver.java:374)
	at app.test.main.TestingFieldEmail.TS1_Email_TC3_NegativeDataInField(TestingFieldEmail.java:84)
	at java.base/java.util.ArrayList.forEach(ArrayList.java:1511)
... Removed 32 stack frames</pre></div><a href='#' onClick='toggleBox("stack-trace398088176", this, "Click to show all stack frames", "Click to hide stack frames")'>Click to show all stack frames</a>
<div class='stack-trace' id='stack-trace398088176'><pre>org.openqa.selenium.NoSuchElementException: no such element: Unable to locate element: {&quot;method&quot;:&quot;xpath&quot;,&quot;selector&quot;:&quot;//div[@class=&apos;flash alert_danger&apos;]&quot;}
  (Session info: chrome=103.0.5060.134)
For documentation on this error, please visit: https://selenium.dev/exceptions/#no_such_element
Build info: version: &apos;4.1.2&apos;, revision: &apos;9a5a329c5a&apos;
System info: host: &apos;Heamanths-MacBook-Pro.local&apos;, ip: &apos;2601:cb:4002:f600:0:0:0:8c86%en0&apos;, os.name: &apos;Mac OS X&apos;, os.arch: &apos;x86_64&apos;, os.version: &apos;10.16&apos;, java.version: &apos;15.0.2&apos;
Driver info: org.openqa.selenium.chrome.ChromeDriver
Command: [ae1cf77cba7d31be43f4eb385a87eefa, findElement {using=xpath, value=//div[@class=&apos;flash alert_danger&apos;]}]
Capabilities {acceptInsecureCerts: false, browserName: chrome, browserVersion: 103.0.5060.134, chrome: {chromedriverVersion: 103.0.5060.53 (a1711811edd7..., userDataDir: /var/folders/pw/4093ysp9371...}, goog:chromeOptions: {debuggerAddress: localhost:58277}, javascriptEnabled: true, networkConnectionEnabled: false, pageLoadStrategy: normal, platform: MAC, platformName: MAC, proxy: Proxy(), se:cdp: ws://localhost:58277/devtoo..., se:cdpVersion: 103.0.5060.134, setWindowRect: true, strictFileInteractability: false, timeouts: {implicit: 0, pageLoad: 300000, script: 30000}, unhandledPromptBehavior: dismiss and notify, webauthn:extension:credBlob: true, webauthn:extension:largeBlob: true, webauthn:virtualAuthenticators: true}
Session ID: ae1cf77cba7d31be43f4eb385a87eefa
	at java.base/jdk.internal.reflect.NativeConstructorAccessorImpl.newInstance0(Native Method)
	at java.base/jdk.internal.reflect.NativeConstructorAccessorImpl.newInstance(NativeConstructorAccessorImpl.java:64)
	at java.base/jdk.internal.reflect.DelegatingConstructorAccessorImpl.newInstance(DelegatingConstructorAccessorImpl.java:45)
	at java.base/java.lang.reflect.Constructor.newInstanceWithCaller(Constructor.java:500)
	at java.base/java.lang.reflect.Constructor.newInstance(Constructor.java:481)
	at org.openqa.selenium.remote.codec.w3c.W3CHttpResponseCodec.createException(W3CHttpResponseCodec.java:200)
	at org.openqa.selenium.remote.codec.w3c.W3CHttpResponseCodec.decode(W3CHttpResponseCodec.java:133)
	at org.openqa.selenium.remote.codec.w3c.W3CHttpResponseCodec.decode(W3CHttpResponseCodec.java:53)
	at org.openqa.selenium.remote.HttpCommandExecutor.execute(HttpCommandExecutor.java:184)
	at org.openqa.selenium.remote.service.DriverCommandExecutor.invokeExecute(DriverCommandExecutor.java:167)
	at org.openqa.selenium.remote.service.DriverCommandExecutor.execute(DriverCommandExecutor.java:142)
	at org.openqa.selenium.remote.RemoteWebDriver.execute(RemoteWebDriver.java:558)
	at org.openqa.selenium.remote.ElementLocation$ElementFinder$2.findElement(ElementLocation.java:162)
	at org.openqa.selenium.remote.ElementLocation.findElement(ElementLocation.java:60)
	at org.openqa.selenium.remote.RemoteWebDriver.findElement(RemoteWebDriver.java:382)
	at org.openqa.selenium.remote.RemoteWebDriver.findElement(RemoteWebDriver.java:374)
	at app.test.main.TestingFieldEmail.TS1_Email_TC3_NegativeDataInField(TestingFieldEmail.java:84)
	at java.base/jdk.internal.reflect.NativeMethodAccessorImpl.invoke0(Native Method)
	at java.base/jdk.internal.reflect.NativeMethodAccessorImpl.invoke(NativeMethodAccessorImpl.java:64)
	at java.base/jdk.internal.reflect.DelegatingMethodAccessorImpl.invoke(DelegatingMethodAccessorImpl.java:43)
	at java.base/java.lang.reflect.Method.invoke(Method.java:564)
	at org.testng.internal.MethodInvocationHelper.invokeMethod(MethodInvocationHelper.java:133)
	at org.testng.internal.TestInvoker.invokeMethod(TestInvoker.java:598)
	at org.testng.internal.TestInvoker.invokeTestMethod(TestInvoker.java:173)
	at org.testng.internal.MethodRunner.runInSequence(MethodRunner.java:46)
	at org.testng.internal.TestInvoker$MethodInvocationAgent.invoke(TestInvoker.java:824)
	at org.testng.internal.TestInvoker.invokeTestMethods(TestInvoker.java:146)
	at org.testng.internal.TestMethodWorker.invokeTestMethods(TestMethodWorker.java:146)
	at org.testng.internal.TestMethodWorker.run(TestMethodWorker.java:128)
	at java.base/java.util.ArrayList.forEach(ArrayList.java:1511)
	at org.testng.TestRunner.privateRun(TestRunner.java:794)
	at org.testng.TestRunner.run(TestRunner.java:596)
	at org.testng.SuiteRunner.runTest(SuiteRunner.java:377)
	at org.testng.SuiteRunner.runSequentially(SuiteRunner.java:371)
	at org.testng.SuiteRunner.privateRun(SuiteRunner.java:332)
	at org.testng.SuiteRunner.run(SuiteRunner.java:276)
	at org.testng.SuiteRunnerWorker.runSuite(SuiteRunnerWorker.java:53)
	at org.testng.SuiteRunnerWorker.run(SuiteRunnerWorker.java:96)
	at org.testng.TestNG.runSuitesSequentially(TestNG.java:1212)
	at org.testng.TestNG.runSuitesLocally(TestNG.java:1134)
	at org.testng.TestNG.runSuites(TestNG.java:1063)
	at org.testng.TestNG.run(TestNG.java:1031)
	at org.testng.remote.AbstractRemoteTestNG.run(AbstractRemoteTestNG.java:115)
	at org.testng.remote.RemoteTestNG.initAndRun(RemoteTestNG.java:251)
	at org.testng.remote.RemoteTestNG.main(RemoteTestNG.java:77)
</pre></div></td>
<td>10</td>
<td>app.test.main.TestingFieldEmail@437da279</td></tr>
</table><p>
<table width='100%' border='1' class='invocation-passed'>
<tr><td colspan='4' align='center'><b>PASSED TESTS</b></td></tr>
<tr><td><b>Test method</b></td>
<td width="30%"><b>Exception</b></td>
<td width="10%"><b>Time (seconds)</b></td>
<td><b>Instance</b></td>
</tr>
<tr>
<td title='app.test.main.TestingMonthFilter.TS4_MonthFilter_TC1_SelectingMonth()'><b>TS4_MonthFilter_TC1_SelectingMonth</b><br>Test class: app.test.main.TestingMonthFilter<br>Parameters: September</td>
<td></td>
<td>0</td>
<td>app.test.main.TestingMonthFilter@51e69659</td></tr>
<tr>
<td title='app.test.main.TestingSearchBybrand.TS3_ChooseBrand_TC2_SearchByBrandNolist()'><b>TS3_ChooseBrand_TC2_SearchByBrandNolist</b><br>Test class: app.test.main.TestingSearchBybrand<br>Parameters: Acorn</td>
<td></td>
<td>10</td>
<td>app.test.main.TestingSearchBybrand@659499f1</td></tr>
<tr>
<td title='app.test.main.TestingMonthFilter.TS4_MonthFilter_TC1_SelectingMonth()'><b>TS4_MonthFilter_TC1_SelectingMonth</b><br>Test class: app.test.main.TestingMonthFilter<br>Parameters: January</td>
<td></td>
<td>0</td>
<td>app.test.main.TestingMonthFilter@51e69659</td></tr>
<tr>
<td title='app.test.main.TestingFieldEmail.TS1_Email_TC2_PositiveDataInField()'><b>TS1_Email_TC2_PositiveDataInField</b><br>Test class: app.test.main.TestingFieldEmail<br>Parameters: test.email@domain.com</td>
<td></td>
<td>0</td>
<td>app.test.main.TestingFieldEmail@437da279</td></tr>
<tr>
<td title='app.test.main.TestingFieldEmail.TS1_Email_TC3_NegativeDataInField()'><b>TS1_Email_TC3_NegativeDataInField</b><br>Test class: app.test.main.TestingFieldEmail<br>Parameters:  @domain.com</td>
<td></td>
<td>0</td>
<td>app.test.main.TestingFieldEmail@437da279</td></tr>
<tr>
<td title='app.test.main.TestingSearchBybrand.TS3_ChooseBrand_TC3_SearchByBrandWithlist()'><b>TS3_ChooseBrand_TC3_SearchByBrandWithlist</b><br>Test class: app.test.main.TestingSearchBybrand<br>Parameters: Brian Atwood</td>
<td></td>
<td>0</td>
<td>app.test.main.TestingSearchBybrand@659499f1</td></tr>
<tr>
<td title='app.test.main.TestingFieldEmail.TS1_Email_TC2_PositiveDataInField()'><b>TS1_Email_TC2_PositiveDataInField</b><br>Test class: app.test.main.TestingFieldEmail<br>Parameters: test.email@subdomain.email.com</td>
<td></td>
<td>0</td>
<td>app.test.main.TestingFieldEmail@437da279</td></tr>
<tr>
<td title='app.test.main.TestingFieldEmail.TS1_Email_TC3_NegativeDataInField()'><b>TS1_Email_TC3_NegativeDataInField</b><br>Test class: app.test.main.TestingFieldEmail<br>Parameters: test.domain.com</td>
<td></td>
<td>0</td>
<td>app.test.main.TestingFieldEmail@437da279</td></tr>
<tr>
<td title='app.test.main.TestingSearchBybrand.TS3_ChooseBrand_TC1_Emptyfield()'><b>TS3_ChooseBrand_TC1_Emptyfield</b><br>Test class: app.test.main.TestingSearchBybrand</td>
<td></td>
<td>0</td>
<td>app.test.main.TestingSearchBybrand@659499f1</td></tr>
<tr>
<td title='app.test.main.TestingFieldEmail.TS1_Email_TC2_PositiveDataInField()'><b>TS1_Email_TC2_PositiveDataInField</b><br>Test class: app.test.main.TestingFieldEmail<br>Parameters: testemail@domai.com</td>
<td></td>
<td>0</td>
<td>app.test.main.TestingFieldEmail@437da279</td></tr>
<tr>
<td title='app.test.main.TestingMonthFilter.TS4_MonthFilter_TC1_SelectingMonth()'><b>TS4_MonthFilter_TC1_SelectingMonth</b><br>Test class: app.test.main.TestingMonthFilter<br>Parameters: October</td>
<td></td>
<td>0</td>
<td>app.test.main.TestingMonthFilter@51e69659</td></tr>
<tr>
<td title='app.test.main.TestingSearchBybrand.TS3_ChooseBrand_TC5_DropDownValueKeyboardAccesible()'><b>TS3_ChooseBrand_TC5_DropDownValueKeyboardAccesible</b><br>Test class: app.test.main.TestingSearchBybrand<br>Parameters: Aetrex</td>
<td></td>
<td>0</td>
<td>app.test.main.TestingSearchBybrand@659499f1</td></tr>
<tr>
<td title='app.test.main.TestingMonthFilter.TS4_MonthFilter_TC1_SelectingMonth()'><b>TS4_MonthFilter_TC1_SelectingMonth</b><br>Test class: app.test.main.TestingMonthFilter<br>Parameters: June</td>
<td></td>
<td>0</td>
<td>app.test.main.TestingMonthFilter@51e69659</td></tr>
<tr>
<td title='app.test.main.TestingMonthFilter.TS4_MonthFilter_TC1_SelectingMonth()'><b>TS4_MonthFilter_TC1_SelectingMonth</b><br>Test class: app.test.main.TestingMonthFilter<br>Parameters: July</td>
<td></td>
<td>0</td>
<td>app.test.main.TestingMonthFilter@51e69659</td></tr>
<tr>
<td title='app.test.main.TestingMonthFilter.TS4_MonthFilter_TC1_SelectingMonth()'><b>TS4_MonthFilter_TC1_SelectingMonth</b><br>Test class: app.test.main.TestingMonthFilter<br>Parameters: November</td>
<td></td>
<td>0</td>
<td>app.test.main.TestingMonthFilter@51e69659</td></tr>
<tr>
<td title='app.test.main.TestingFieldEmail.TS1_Email_TC1_Emptyfield()'><b>TS1_Email_TC1_Emptyfield</b><br>Test class: app.test.main.TestingFieldEmail</td>
<td></td>
<td>0</td>
<td>app.test.main.TestingFieldEmail@437da279</td></tr>
<tr>
<td title='app.test.main.TestingSearchBybrand.TS3_ChooseBrand_TC2_SearchByBrandNolist()'><b>TS3_ChooseBrand_TC2_SearchByBrandNolist</b><br>Test class: app.test.main.TestingSearchBybrand<br>Parameters: 7 For All Mankind®</td>
<td></td>
<td>10</td>
<td>app.test.main.TestingSearchBybrand@659499f1</td></tr>
<tr>
<td title='app.test.main.TestingFieldEmail.TS1_Email_TC2_PositiveDataInField()'><b>TS1_Email_TC2_PositiveDataInField</b><br>Test class: app.test.main.TestingFieldEmail<br>Parameters: test.email@email-dom.com</td>
<td></td>
<td>0</td>
<td>app.test.main.TestingFieldEmail@437da279</td></tr>
<tr>
<td title='app.test.main.TestingFieldPromoCode.TS2_PromCode_TC1_Emptyfield()'><b>TS2_PromCode_TC1_Emptyfield</b><br>Test class: app.test.main.TestingFieldPromoCode</td>
<td></td>
<td>0</td>
<td>app.test.main.TestingFieldPromoCode@71a8adcf</td></tr>
<tr>
<td title='app.test.main.TestingSearchBybrand.TS3_ChooseBrand_TC4_DropDownDataValidation()'><b>TS3_ChooseBrand_TC4_DropDownDataValidation</b><br>Test class: app.test.main.TestingSearchBybrand<br>Parameters: Select Brand
7 For All Mankind®
Acorn
Aetrex
Ahnu
Alegria
Alexander McQueen
Alexandre Birman
Alberto Fermani
Alberto Gozzi
Alice + Olivia
Andre Assous
Anyi Lu
ALDO
Aquatalia by Marvin K
Aravon
Arche
Ariat
Ash
ASICS®
Athena Alexander
Attilio Giusti Leombruni
B Brian Atwood
Badgley Mischka
BC Footwear
BCBGeneration
BCBGMAXAZRIA
Bed Stu
Bernardo
Betsey Johnson
Biala
Bionda Castana
Birkenstock
Birkis®
Blondo
Bogs
Børn
Boutique 9
BP.
Brian Atwood
Brooks
Burberry
Callisto
Calvin Klein
Charles by Charles David
Charlotte Olympia
Chinese Laundry
Chloé
Civic Duty
Clarks®
Classiques Entier®
COACH
Cobb Hill
Cole Haan
Converse
Cordani
Corso Como
Cushe
Dana Davis
Dansko
Delman
Dezario
Diane von Furstenberg
DKNYC
DolceGabbana
Dolce Vita
Donald J Pliner
Dr. Martens
DV by Dolce Vita
Earth®
Earthies®
ECCO
Eileen Fisher
Elie Tahari
Elizabeth and James
Emilio Pucci
Enzo Angiolini
Eric Michael
Ettore Masotti
Everybody
Fendi
Fergie
Fidji
Finn Comfort
FitFlop
Flounce
Franco Sarto
French Sole
Frye
Gentle Souls
Geox
Giuseppe Zanotti
Giesswein
Glint
Golden Goose
Gucci
GUESS
Haflinger
Halogen®
Havaianas
Helle Comfort
Helly Hansen
Hinge
House of Harlow 1960
Hunter
Icon Footwear
Isaac Mizrahi New York
Isola
Ivanka Trump
J. Reneé
Jack Rogers
Jacques Levine
Jambu
Jason Wu
Jeffrey Campbell
Jessica Simpson
Jimmy Choo
Joan David
Joes
Josef Seibel
Juicy Couture
K Jacques St. Tropez
Kalso Earth®
Kamik
kate spade new york
Keds®
Keen
Kelsi Dagger
Kickers
Kork-Ease
KORS Michael Kors
L.A.M.B.
L.K. Bennett
La Canadienne
Lanvin
Le Chameau
Lucky Brand
Manolo Blahnik
MARC BY MARC JACOBS
Mark James by Badgley Mischka
Martino
Matiko
Matisse
Matt Bernson
Me Too
Mel by Melissa
Mephisto
Merrell
MIA
MICHAEL Michael Kors
Minnetonka
Miss Trish
Miu Miu
Miz Mooz
Mizuno
MM6 Maison Martin Margiela
Moschino Cheap Chic
Munro
N.Y.L.A.
Naot
Naturalizer
Naughty Monkey
Naya
Nelly Venturi
New Balance
Nicholas Kirkwood
Nike
Nina
Nine West
North Face
Old Gringo
OluKai
Onex
Oscar de la Renta
OTBT
Patagonia
Paul Green
Pedro Garcia
Pelle Moda
PIKOLINOS
Poetic Licence
Pollini
Pour la Victoire
Prada
PUMA
Rachel Roy
Rachel Zoe
rag bone
Rainbow
Ralph Lauren Collection
Rebecca Minkoff
RED Valentino
Reed Krakoff
Reef
REPORT
Robert Clergerie
Robert Zur
Romika
Ron White
Rosegold
Roxy
Saint Laurent
Salvatore Ferragamo
Sam Edelman
Saucony
Sbicca
See by Chloé
Sergio Rossi
Seychelles
Skemo
Söfft
Softspots
SoftWalk®
Sole Goddess®
Sole Society
Sorel
Sperry Top-Sider®
Splendid
Stella McCartney
Steve Madden
Steven by Steve Madden
Stuart Weitzman
Superga
Sweet Ballerina
Tabitha Simmons
Taccetti
Tecnica®
Ted Baker London
Teva
The North Face
Tildon
Think!
Timberland
TKEES
Tods
TOMS
Topshop
Tory Burch
Tracy Reese
Trotters
Trouvé
Truth or Dare by Madonna
Tsubo
UGG® Australia
Valentino
VANELi
Vans
VC Signature
Vera Wang
Via Spiga
Vince
Vince Camuto
Yves Saint Laurent
Zadig Voltaire
7 For All Mankind®
Acorn
Aetrex
Ahnu
Alegria
Alexander McQueen
Alexandre Birman
Alberto Fermani
Alberto Gozzi
Alice + Olivia
Andre Assous
Anyi Lu
ALDO
Aquatalia by Marvin K
Aravon
Arche
Ariat
Ash
ASICS®
Athena Alexander
Attilio Giusti Leombruni
B Brian Atwood
Badgley Mischka
BC Footwear
BCBGeneration
BCBGMAXAZRIA
Bed Stu
Bernardo
Betsey Johnson
Biala
Bionda Castana
Birkenstock
Birkis®
Blondo
Bogs
Børn
Boutique 9
BP.
Brian Atwood
Brooks
Burberry
Callisto
Calvin Klein
Charles by Charles David
Charlotte Olympia
Chinese Laundry
Chloé
Civic Duty
Clarks®
Classiques Entier®
COACH
Cobb Hill
Cole Haan
Converse
Cordani
Corso Como
Cushe
Dana Davis
Dansko
Delman
Dezario
Diane von Furstenberg
DKNYC
DolceGabbana
Dolce Vita
Donald J Pliner
Dr. Martens
DV by Dolce Vita
Earth®
Earthies®
ECCO
Eileen Fisher
Elie Tahari
Elizabeth and James
Emilio Pucci
Enzo Angiolini
Eric Michael
Ettore Masotti
Everybody
Fendi
Fergie
Fidji
Finn Comfort
FitFlop
Flounce
Franco Sarto
French Sole
Frye
Gentle Souls
Geox
Giuseppe Zanotti
Giesswein
Glint
Golden Goose
Gucci
GUESS
Haflinger
Halogen®
Havaianas
Helle Comfort
Helly Hansen
Hinge
House of Harlow 1960
Hunter
Icon Footwear
Isaac Mizrahi New York
Isola
Ivanka Trump
J. Reneé
Jack Rogers
Jacques Levine
Jambu
Jason Wu
Jeffrey Campbell
Jessica Simpson
Jimmy Choo
Joan David
Joes
Josef Seibel
Juicy Couture
K Jacques St. Tropez
Kalso Earth®
Kamik
kate spade new york
Keds®
Keen
Kelsi Dagger
Kickers
Kork-Ease
KORS Michael Kors
L.A.M.B.
L.K. Bennett
La Canadienne
Lanvin
Le Chameau
Lucky Brand
Manolo Blahnik
MARC BY MARC JACOBS
Mark James by Badgley Mischka
Martino
Matiko
Matisse
Matt Bernson
Me Too
Mel by Melissa
Mephisto
Merrell
MIA
MICHAEL Michael Kors
Minnetonka
Miss Trish
Miu Miu
Miz Mooz
Mizuno
MM6 Maison Martin Margiela
Moschino Cheap Chic
Munro
N.Y.L.A.
Naot
Naturalizer
Naughty Monkey
Naya
Nelly Venturi
New Balance
Nicholas Kirkwood
Nike
Nina
Nine West
North Face
Old Gringo
OluKai
Onex
Oscar de la Renta
OTBT
Patagonia
Paul Green
Pedro Garcia
Pelle Moda
PIKOLINOS
Poetic Licence
Pollini
Pour la Victoire
Prada
PUMA
Rachel Roy
Rachel Zoe
rag bone
Rainbow
Ralph Lauren Collection
Rebecca Minkoff
RED Valentino
Reed Krakoff
Reef
REPORT
Robert Clergerie
Robert Zur
Romika
Ron White
Rosegold
Roxy
Saint Laurent
Salvatore Ferragamo
Sam Edelman
Saucony
Sbicca
See by Chloé
Sergio Rossi
Seychelles
Skemo
Söfft
Softspots
SoftWalk®
Sole Goddess®
Sole Society
Sorel
Sperry Top-Sider®
Splendid
Stella McCartney
Steve Madden
Steven by Steve Madden
Stuart Weitzman
Superga
Sweet Ballerina
Tabitha Simmons
Taccetti
Tecnica®
Ted Baker London
Teva
The North Face
Tildon
Think!
Timberland
TKEES
Tods
TOMS
Topshop
Tory Burch
Tracy Reese
Trotters
Trouvé
Truth or Dare by Madonna
Tsubo
UGG® Australia
Valentino
VANELi
Vans
VC Signature
Vera Wang
Via Spiga
Vince
Vince Camuto
Yves Saint Laurent
Zadig Voltaire</td>
<td></td>
<td>7</td>
<td>app.test.main.TestingSearchBybrand@659499f1</td></tr>
<tr>
<td title='app.test.main.TestingFieldEmail.TS1_Email_TC2_PositiveDataInField()'><b>TS1_Email_TC2_PositiveDataInField</b><br>Test class: app.test.main.TestingFieldEmail<br>Parameters: test_firstname.lastname@email.com</td>
<td></td>
<td>0</td>
<td>app.test.main.TestingFieldEmail@437da279</td></tr>
<tr>
<td title='app.test.main.TestingSearchBybrand.TS3_ChooseBrand_TC3_SearchByBrandWithlist()'><b>TS3_ChooseBrand_TC3_SearchByBrandWithlist</b><br>Test class: app.test.main.TestingSearchBybrand<br>Parameters: Jimmy Choo</td>
<td></td>
<td>1</td>
<td>app.test.main.TestingSearchBybrand@659499f1</td></tr>
<tr>
<td title='app.test.main.TestingMonthFilter.TS4_MonthFilter_TC1_SelectingMonth()'><b>TS4_MonthFilter_TC1_SelectingMonth</b><br>Test class: app.test.main.TestingMonthFilter<br>Parameters: March</td>
<td></td>
<td>0</td>
<td>app.test.main.TestingMonthFilter@51e69659</td></tr>
<tr>
<td title='app.test.main.TestingMonthFilter.TS4_MonthFilter_TC1_SelectingMonth()'><b>TS4_MonthFilter_TC1_SelectingMonth</b><br>Test class: app.test.main.TestingMonthFilter<br>Parameters: August</td>
<td></td>
<td>0</td>
<td>app.test.main.TestingMonthFilter@51e69659</td></tr>
<tr>
<td title='app.test.main.TestingFieldEmail.TS1_Email_TC3_NegativeDataInField()'><b>TS1_Email_TC3_NegativeDataInField</b><br>Test class: app.test.main.TestingFieldEmail<br>Parameters: example.@email.com</td>
<td></td>
<td>0</td>
<td>app.test.main.TestingFieldEmail@437da279</td></tr>
<tr>
<td title='app.test.main.TestingMonthFilter.TS4_MonthFilter_TC1_SelectingMonth()'><b>TS4_MonthFilter_TC1_SelectingMonth</b><br>Test class: app.test.main.TestingMonthFilter<br>Parameters: April</td>
<td></td>
<td>0</td>
<td>app.test.main.TestingMonthFilter@51e69659</td></tr>
<tr>
<td title='app.test.main.TestingFieldPromoCode.TS2_PromCode_TC3_NegativeDataInField()'><b>TS2_PromCode_TC3_NegativeDataInField</b><br>Test class: app.test.main.TestingFieldPromoCode</td>
<td></td>
<td>0</td>
<td>app.test.main.TestingFieldPromoCode@71a8adcf</td></tr>
<tr>
<td title='app.test.main.TestingMonthFilter.TS4_MonthFilter_TC1_SelectingMonth()'><b>TS4_MonthFilter_TC1_SelectingMonth</b><br>Test class: app.test.main.TestingMonthFilter<br>Parameters: February</td>
<td></td>
<td>0</td>
<td>app.test.main.TestingMonthFilter@51e69659</td></tr>
<tr>
<td title='app.test.main.TestingMonthFilter.TS4_MonthFilter_TC1_SelectingMonth()'><b>TS4_MonthFilter_TC1_SelectingMonth</b><br>Test class: app.test.main.TestingMonthFilter<br>Parameters: May</td>
<td></td>
<td>0</td>
<td>app.test.main.TestingMonthFilter@51e69659</td></tr>
<tr>
<td title='app.test.main.TestingMonthFilter.TS4_MonthFilter_TC2_SelectingAllShoesOption()'><b>TS4_MonthFilter_TC2_SelectingAllShoesOption</b><br>Test class: app.test.main.TestingMonthFilter<br>Parameters: January February March April May June July August September October November</td>
<td></td>
<td>1</td>
<td>app.test.main.TestingMonthFilter@51e69659</td></tr>
</table><p>
</body>
</html>