<?xml version="1.0" encoding="UTF-8"?>
<!-- Generated by org.testng.reporters.JUnitXMLReporter -->
<testsuite ignored="4" hostname="Heamanths-MacBook-Pro.local" failures="1" tests="1" name="Functional Flow(failed)(failed)(failed)" time="14.328" errors="0" timestamp="2022-08-07T23:28:01 GMT-04:00">
  <testcase classname="app.test.main.TestingSearchBybrand" name="TS3_ChooseBrand_TC2_SearchByBrandNolist" time="14.198">
    <failure type="java.lang.NullPointerException" message="Cannot invoke &amp;quot;org.openqa.selenium.WebElement.isDisplayed()&amp;quot; because &amp;quot;shoeList&amp;quot; is null">
      <![CDATA[java.lang.NullPointerException: Cannot invoke "org.openqa.selenium.WebElement.isDisplayed()" because "shoeList" is null
at app.test.main.TestingSearchBybrand.TS3_ChooseBrand_TC2_SearchByBrandNolist(TestingSearchBybrand.java:76)
at java.base/java.util.ArrayList.forEach(ArrayList.java:1511)
... Removed 27 stack frames]]>
    </failure>
  </testcase> <!-- TS3_ChooseBrand_TC2_SearchByBrandNolist -->
  <testcase classname="app.test.main.TestingSearchBybrand" name="TS3_ChooseBrand_TC3_SearchByBrandWithlist" time="0.0">
    <ignored/>
  </testcase> <!-- TS3_ChooseBrand_TC3_SearchByBrandWithlist -->
  <testcase classname="app.test.main.TestingSearchBybrand" name="TS3_ChooseBrand_TC1_Emptyfield" time="0.0">
    <ignored/>
  </testcase> <!-- TS3_ChooseBrand_TC1_Emptyfield -->
  <testcase classname="app.test.main.TestingSearchBybrand" name="TS3_ChooseBrand_TC4_DropDownDataValidation" time="0.0">
    <ignored/>
  </testcase> <!-- TS3_ChooseBrand_TC4_DropDownDataValidation -->
  <testcase classname="app.test.main.TestingSearchBybrand" name="TS3_ChooseBrand_TC5_DropDownValueKeyboardAccesible" time="0.0">
    <ignored/>
  </testcase> <!-- TS3_ChooseBrand_TC5_DropDownValueKeyboardAccesible -->
</testsuite> <!-- Functional Flow(failed)(failed)(failed) -->
